{"C:\\Users\\Jake\\Documents\\Coding_Projects\\leadgeek-extension\\src\\lib\\stringHelpers.ts": {"path":"C:\\Users\\Jake\\Documents\\Coding_Projects\\leadgeek-extension\\src\\lib\\stringHelpers.ts","statementMap":{"0":{"start":{"line":1,"column":28},"end":{"line":3,"column":1}},"1":{"start":{"line":2,"column":1},"end":{"line":2,"column":29}},"2":{"start":{"line":1,"column":13},"end":{"line":1,"column":28}},"3":{"start":{"line":5,"column":26},"end":{"line":7,"column":1}},"4":{"start":{"line":6,"column":1},"end":{"line":6,"column":37}},"5":{"start":{"line":5,"column":13},"end":{"line":5,"column":26}},"6":{"start":{"line":9,"column":25},"end":{"line":10,"column":47}},"7":{"start":{"line":10,"column":1},"end":{"line":10,"column":47}},"8":{"start":{"line":9,"column":13},"end":{"line":9,"column":25}},"9":{"start":{"line":12,"column":25},"end":{"line":17,"column":1}},"10":{"start":{"line":13,"column":1},"end":{"line":16,"column":17}},"11":{"start":{"line":12,"column":13},"end":{"line":12,"column":25}}},"fnMap":{"0":{"name":"(anonymous_0)","decl":{"start":{"line":1,"column":28},"end":{"line":1,"column":29}},"loc":{"start":{"line":1,"column":47},"end":{"line":3,"column":1}}},"1":{"name":"(anonymous_1)","decl":{"start":{"line":5,"column":26},"end":{"line":5,"column":27}},"loc":{"start":{"line":5,"column":43},"end":{"line":7,"column":1}}},"2":{"name":"(anonymous_2)","decl":{"start":{"line":9,"column":25},"end":{"line":9,"column":26}},"loc":{"start":{"line":10,"column":1},"end":{"line":10,"column":47}}},"3":{"name":"(anonymous_3)","decl":{"start":{"line":12,"column":25},"end":{"line":12,"column":26}},"loc":{"start":{"line":12,"column":44},"end":{"line":17,"column":1}}}},"branchMap":{"0":{"loc":{"start":{"line":9,"column":55},"end":{"line":9,"column":67}},"type":"default-arg","locations":[{"start":{"line":9,"column":64},"end":{"line":9,"column":67}}]},"1":{"loc":{"start":{"line":10,"column":20},"end":{"line":10,"column":45}},"type":"cond-expr","locations":[{"start":{"line":10,"column":34},"end":{"line":10,"column":40}},{"start":{"line":10,"column":43},"end":{"line":10,"column":45}}]}},"s":{"0":1,"1":2,"2":1,"3":1,"4":3,"5":1,"6":1,"7":0,"8":1,"9":1,"10":0,"11":1},"f":{"0":2,"1":3,"2":0,"3":0},"b":{"0":[0],"1":[0,0]}}
,"C:\\Users\\Jake\\Documents\\Coding_Projects\\leadgeek-extension\\src\\stores\\layout.ts": {"path":"C:\\Users\\Jake\\Documents\\Coding_Projects\\leadgeek-extension\\src\\stores\\layout.ts","statementMap":{"0":{"start":{"line":1,"column":0},"end":{"line":1,"column":45}},"1":{"start":{"line":4,"column":0},"end":{"line":4,"column":36}},"2":{"start":{"line":9,"column":21},"end":{"line":127,"column":1}},"3":{"start":{"line":10,"column":36},"end":{"line":10,"column":61}},"4":{"start":{"line":12,"column":25},"end":{"line":22,"column":2}},"5":{"start":{"line":13,"column":23},"end":{"line":19,"column":4}},"6":{"start":{"line":20,"column":2},"end":{"line":20,"column":37}},"7":{"start":{"line":21,"column":2},"end":{"line":21,"column":61}},"8":{"start":{"line":21,"column":34},"end":{"line":21,"column":59}},"9":{"start":{"line":24,"column":25},"end":{"line":26,"column":2}},"10":{"start":{"line":25,"column":2},"end":{"line":25,"column":69}},"11":{"start":{"line":25,"column":34},"end":{"line":25,"column":67}},"12":{"start":{"line":25,"column":55},"end":{"line":25,"column":66}},"13":{"start":{"line":28,"column":26},"end":{"line":38,"column":2}},"14":{"start":{"line":30,"column":34},"end":{"line":30,"column":45}},"15":{"start":{"line":33,"column":2},"end":{"line":37,"column":10}},"16":{"start":{"line":34,"column":28},"end":{"line":34,"column":46}},"17":{"start":{"line":35,"column":29},"end":{"line":35,"column":47}},"18":{"start":{"line":40,"column":28},"end":{"line":46,"column":2}},"19":{"start":{"line":41,"column":20},"end":{"line":41,"column":40}},"20":{"start":{"line":43,"column":2},"end":{"line":45,"column":null}},"21":{"start":{"line":44,"column":3},"end":{"line":44,"column":27}},"22":{"start":{"line":48,"column":26},"end":{"line":63,"column":2}},"23":{"start":{"line":50,"column":34},"end":{"line":50,"column":45}},"24":{"start":{"line":53,"column":2},"end":{"line":53,"column":43}},"25":{"start":{"line":53,"column":31},"end":{"line":53,"column":43}},"26":{"start":{"line":56,"column":20},"end":{"line":56,"column":55}},"27":{"start":{"line":56,"column":43},"end":{"line":56,"column":54}},"28":{"start":{"line":59,"column":2},"end":{"line":59,"column":34}},"29":{"start":{"line":59,"column":17},"end":{"line":59,"column":34}},"30":{"start":{"line":62,"column":2},"end":{"line":62,"column":14}},"31":{"start":{"line":65,"column":31},"end":{"line":74,"column":2}},"32":{"start":{"line":67,"column":34},"end":{"line":67,"column":45}},"33":{"start":{"line":70,"column":2},"end":{"line":70,"column":41}},"34":{"start":{"line":70,"column":31},"end":{"line":70,"column":41}},"35":{"start":{"line":73,"column":2},"end":{"line":73,"column":50}},"36":{"start":{"line":73,"column":37},"end":{"line":73,"column":48}},"37":{"start":{"line":76,"column":28},"end":{"line":88,"column":2}},"38":{"start":{"line":78,"column":2},"end":{"line":78,"column":64}},"39":{"start":{"line":78,"column":51},"end":{"line":78,"column":64}},"40":{"start":{"line":81,"column":34},"end":{"line":81,"column":45}},"41":{"start":{"line":84,"column":2},"end":{"line":84,"column":67}},"42":{"start":{"line":84,"column":54},"end":{"line":84,"column":67}},"43":{"start":{"line":87,"column":2},"end":{"line":87,"column":14}},"44":{"start":{"line":90,"column":28},"end":{"line":108,"column":2}},"45":{"start":{"line":92,"column":34},"end":{"line":92,"column":45}},"46":{"start":{"line":95,"column":2},"end":{"line":95,"column":41}},"47":{"start":{"line":95,"column":31},"end":{"line":95,"column":41}},"48":{"start":{"line":98,"column":23},"end":{"line":98,"column":48}},"49":{"start":{"line":101,"column":2},"end":{"line":101,"column":34}},"50":{"start":{"line":101,"column":24},"end":{"line":101,"column":34}},"51":{"start":{"line":104,"column":2},"end":{"line":104,"column":56}},"52":{"start":{"line":104,"column":46},"end":{"line":104,"column":56}},"53":{"start":{"line":107,"column":2},"end":{"line":107,"column":43}},"54":{"start":{"line":110,"column":22},"end":{"line":110,"column":30}},"55":{"start":{"line":112,"column":22},"end":{"line":112,"column":30}},"56":{"start":{"line":114,"column":1},"end":{"line":126,"column":3}},"57":{"start":{"line":129,"column":13},"end":{"line":129,"column":37}},"58":{"start":{"line":131,"column":13},"end":{"line":133,"column":2}}},"fnMap":{"0":{"name":"(anonymous_0)","decl":{"start":{"line":9,"column":21},"end":{"line":9,"column":24}},"loc":{"start":{"line":9,"column":26},"end":{"line":127,"column":1}}},"1":{"name":"(anonymous_1)","decl":{"start":{"line":12,"column":25},"end":{"line":12,"column":26}},"loc":{"start":{"line":12,"column":43},"end":{"line":22,"column":2}}},"2":{"name":"(anonymous_2)","decl":{"start":{"line":21,"column":9},"end":{"line":21,"column":10}},"loc":{"start":{"line":21,"column":34},"end":{"line":21,"column":59}}},"3":{"name":"(anonymous_3)","decl":{"start":{"line":24,"column":25},"end":{"line":24,"column":26}},"loc":{"start":{"line":24,"column":40},"end":{"line":26,"column":2}}},"4":{"name":"(anonymous_4)","decl":{"start":{"line":25,"column":9},"end":{"line":25,"column":10}},"loc":{"start":{"line":25,"column":34},"end":{"line":25,"column":67}}},"5":{"name":"(anonymous_5)","decl":{"start":{"line":25,"column":48},"end":{"line":25,"column":49}},"loc":{"start":{"line":25,"column":55},"end":{"line":25,"column":66}}},"6":{"name":"(anonymous_6)","decl":{"start":{"line":28,"column":26},"end":{"line":28,"column":29}},"loc":{"start":{"line":28,"column":31},"end":{"line":38,"column":2}}},"7":{"name":"(anonymous_7)","decl":{"start":{"line":34,"column":21},"end":{"line":34,"column":22}},"loc":{"start":{"line":34,"column":28},"end":{"line":34,"column":46}}},"8":{"name":"(anonymous_8)","decl":{"start":{"line":35,"column":22},"end":{"line":35,"column":23}},"loc":{"start":{"line":35,"column":29},"end":{"line":35,"column":47}}},"9":{"name":"(anonymous_9)","decl":{"start":{"line":40,"column":28},"end":{"line":40,"column":29}},"loc":{"start":{"line":40,"column":58},"end":{"line":46,"column":2}}},"10":{"name":"(anonymous_10)","decl":{"start":{"line":48,"column":26},"end":{"line":48,"column":27}},"loc":{"start":{"line":48,"column":52},"end":{"line":63,"column":2}}},"11":{"name":"(anonymous_11)","decl":{"start":{"line":56,"column":36},"end":{"line":56,"column":37}},"loc":{"start":{"line":56,"column":43},"end":{"line":56,"column":54}}},"12":{"name":"(anonymous_12)","decl":{"start":{"line":65,"column":31},"end":{"line":65,"column":32}},"loc":{"start":{"line":65,"column":46},"end":{"line":74,"column":2}}},"13":{"name":"(anonymous_13)","decl":{"start":{"line":73,"column":30},"end":{"line":73,"column":31}},"loc":{"start":{"line":73,"column":37},"end":{"line":73,"column":48}}},"14":{"name":"(anonymous_14)","decl":{"start":{"line":76,"column":28},"end":{"line":76,"column":29}},"loc":{"start":{"line":76,"column":59},"end":{"line":88,"column":2}}},"15":{"name":"(anonymous_15)","decl":{"start":{"line":90,"column":28},"end":{"line":90,"column":29}},"loc":{"start":{"line":90,"column":56},"end":{"line":108,"column":2}}},"16":{"name":"(anonymous_16)","decl":{"start":{"line":110,"column":22},"end":{"line":110,"column":25}},"loc":{"start":{"line":110,"column":27},"end":{"line":110,"column":30}}},"17":{"name":"(anonymous_17)","decl":{"start":{"line":112,"column":22},"end":{"line":112,"column":25}},"loc":{"start":{"line":112,"column":27},"end":{"line":112,"column":30}}}},"branchMap":{"0":{"loc":{"start":{"line":33,"column":9},"end":{"line":37,"column":9}},"type":"cond-expr","locations":[{"start":{"line":34,"column":5},"end":{"line":36,"column":19}},{"start":{"line":37,"column":5},"end":{"line":37,"column":9}}]},"1":{"loc":{"start":{"line":34,"column":5},"end":{"line":36,"column":19}},"type":"cond-expr","locations":[{"start":{"line":35,"column":6},"end":{"line":35,"column":48}},{"start":{"line":36,"column":6},"end":{"line":36,"column":19}}]},"2":{"loc":{"start":{"line":43,"column":2},"end":{"line":45,"column":null}},"type":"if","locations":[{"start":{"line":43,"column":2},"end":{"line":45,"column":null}}]},"3":{"loc":{"start":{"line":53,"column":2},"end":{"line":53,"column":43}},"type":"if","locations":[{"start":{"line":53,"column":2},"end":{"line":53,"column":43}}]},"4":{"loc":{"start":{"line":59,"column":2},"end":{"line":59,"column":34}},"type":"if","locations":[{"start":{"line":59,"column":2},"end":{"line":59,"column":34}}]},"5":{"loc":{"start":{"line":70,"column":2},"end":{"line":70,"column":41}},"type":"if","locations":[{"start":{"line":70,"column":2},"end":{"line":70,"column":41}}]},"6":{"loc":{"start":{"line":78,"column":2},"end":{"line":78,"column":64}},"type":"if","locations":[{"start":{"line":78,"column":2},"end":{"line":78,"column":64}}]},"7":{"loc":{"start":{"line":78,"column":6},"end":{"line":78,"column":49}},"type":"binary-expr","locations":[{"start":{"line":78,"column":6},"end":{"line":78,"column":18}},{"start":{"line":78,"column":23},"end":{"line":78,"column":34}},{"start":{"line":78,"column":38},"end":{"line":78,"column":48}}]},"8":{"loc":{"start":{"line":84,"column":2},"end":{"line":84,"column":67}},"type":"if","locations":[{"start":{"line":84,"column":2},"end":{"line":84,"column":67}}]},"9":{"loc":{"start":{"line":95,"column":2},"end":{"line":95,"column":41}},"type":"if","locations":[{"start":{"line":95,"column":2},"end":{"line":95,"column":41}}]},"10":{"loc":{"start":{"line":101,"column":2},"end":{"line":101,"column":34}},"type":"if","locations":[{"start":{"line":101,"column":2},"end":{"line":101,"column":34}}]},"11":{"loc":{"start":{"line":104,"column":2},"end":{"line":104,"column":56}},"type":"if","locations":[{"start":{"line":104,"column":2},"end":{"line":104,"column":56}}]}},"s":{"0":1,"1":1,"2":1,"3":1,"4":1,"5":0,"6":0,"7":0,"8":0,"9":1,"10":0,"11":0,"12":0,"13":1,"14":3,"15":3,"16":1,"17":1,"18":1,"19":0,"20":0,"21":0,"22":1,"23":3,"24":3,"25":1,"26":2,"27":3,"28":2,"29":1,"30":1,"31":1,"32":3,"33":3,"34":0,"35":3,"36":4,"37":1,"38":2,"39":1,"40":1,"41":1,"42":0,"43":1,"44":1,"45":4,"46":4,"47":1,"48":3,"49":3,"50":1,"51":2,"52":1,"53":1,"54":1,"55":1,"56":1,"57":1,"58":1},"f":{"0":1,"1":0,"2":0,"3":0,"4":0,"5":0,"6":3,"7":1,"8":1,"9":0,"10":3,"11":3,"12":3,"13":4,"14":2,"15":4,"16":0,"17":0},"b":{"0":[1,2],"1":[1,0],"2":[0],"3":[1],"4":[1],"5":[0],"6":[1],"7":[2,2,2],"8":[0],"9":[1],"10":[1],"11":[1]}}
}
