TN:
SF:src\lib\stringHelpers.ts
FN:1,(anonymous_0)
FN:5,(anonymous_1)
FN:9,(anonymous_2)
FN:12,(anonymous_3)
FNF:4
FNH:2
FNDA:2,(anonymous_0)
FNDA:3,(anonymous_1)
FNDA:0,(anonymous_2)
FNDA:0,(anonymous_3)
DA:1,1
DA:2,2
DA:5,1
DA:6,3
DA:9,1
DA:10,0
DA:12,1
DA:13,0
LF:8
LH:6
BRDA:9,0,0,0
BRDA:10,1,0,0
BRDA:10,1,1,0
BRF:3
BRH:0
end_of_record
TN:
SF:src\stores\layout.ts
FN:9,(anonymous_0)
FN:12,(anonymous_1)
FN:21,(anonymous_2)
FN:24,(anonymous_3)
FN:25,(anonymous_4)
FN:25,(anonymous_5)
FN:28,(anonymous_6)
FN:34,(anonymous_7)
FN:35,(anonymous_8)
FN:40,(anonymous_9)
FN:48,(anonymous_10)
FN:56,(anonymous_11)
FN:65,(anonymous_12)
FN:73,(anonymous_13)
FN:76,(anonymous_14)
FN:90,(anonymous_15)
FN:110,(anonymous_16)
FN:112,(anonymous_17)
FNF:18
FNH:10
FNDA:1,(anonymous_0)
FNDA:0,(anonymous_1)
FNDA:0,(anonymous_2)
FNDA:0,(anonymous_3)
FNDA:0,(anonymous_4)
FNDA:0,(anonymous_5)
FNDA:3,(anonymous_6)
FNDA:1,(anonymous_7)
FNDA:1,(anonymous_8)
FNDA:0,(anonymous_9)
FNDA:3,(anonymous_10)
FNDA:3,(anonymous_11)
FNDA:3,(anonymous_12)
FNDA:4,(anonymous_13)
FNDA:2,(anonymous_14)
FNDA:4,(anonymous_15)
FNDA:0,(anonymous_16)
FNDA:0,(anonymous_17)
DA:1,1
DA:4,1
DA:9,1
DA:10,1
DA:12,1
DA:13,0
DA:20,0
DA:21,0
DA:24,1
DA:25,0
DA:28,1
DA:30,3
DA:33,3
DA:34,1
DA:35,1
DA:40,1
DA:41,0
DA:43,0
DA:44,0
DA:48,1
DA:50,3
DA:53,3
DA:56,3
DA:59,2
DA:62,1
DA:65,1
DA:67,3
DA:70,3
DA:73,4
DA:76,1
DA:78,2
DA:81,1
DA:84,1
DA:87,1
DA:90,1
DA:92,4
DA:95,4
DA:98,3
DA:101,3
DA:104,2
DA:107,1
DA:110,1
DA:112,1
DA:114,1
DA:129,1
DA:131,1
LF:46
LH:39
BRDA:33,0,0,1
BRDA:33,0,1,2
BRDA:34,1,0,1
BRDA:34,1,1,0
BRDA:43,2,0,0
BRDA:53,3,0,1
BRDA:59,4,0,1
BRDA:70,5,0,0
BRDA:78,6,0,1
BRDA:78,7,0,2
BRDA:78,7,1,2
BRDA:78,7,2,2
BRDA:84,8,0,0
BRDA:95,9,0,1
BRDA:101,10,0,1
BRDA:104,11,0,1
BRF:16
BRH:12
end_of_record
